%!Adobe-FontList 1.19
%Locale:0x2401

%BeginFont
Handler:DirectoryHandler
FontType:Invalid
OutlineFileName:C:\Users\yahya\Desktop\Murabaat\Font\fa-brands-400.eot
FileModTime:1584967562
%EndFont

%BeginFont
Handler:DirectoryHandler
FontType:Invalid
OutlineFileName:C:\Users\yahya\Desktop\Murabaat\Font\fa-brands-400.svg
FileModTime:1584967562
%EndFont

%BeginFont
Handler:DirectoryHandler
FontType:TrueType
FontName:FontAwesome5Brands-Regular
FamilyName:Font Awesome 5 Brands
StyleName:Regular
FullName:Font Awesome 5 Brands Regular
MenuName:Font Awesome 5 Brands Regular
StyleBits:0
WritingScript:Roman
OutlineFileName:C:\Users\yahya\Desktop\Murabaat\Font\fa-brands-400.ttf
DataFormat:sfntData
hasSVG:no
VariableFontType:NonVariableFont
FileLength:132728
FileModTime:1584967562
WeightClass:400
WidthClass:5
AngleClass:0
NameArray:0,Mac,18,Font Awesome 5 Brands Regular
NameArray:0,Mac,4,Font Awesome 5 Brands Regular
NameArray:0,Win,1,Font Awesome 5 Brands Regular
NameArray:0,Win,16,Font Awesome 5 Brands
%EndFont

%BeginFont
Handler:DirectoryHandler
FontType:Invalid
OutlineFileName:C:\Users\yahya\Desktop\Murabaat\Font\fa-brands-400.woff
FileModTime:1584967562
%EndFont

%BeginFont
Handler:DirectoryHandler
FontType:Invalid
OutlineFileName:C:\Users\yahya\Desktop\Murabaat\Font\fa-brands-400.woff2
FileModTime:1584967562
%EndFont

%BeginFont
Handler:DirectoryHandler
FontType:Invalid
OutlineFileName:C:\Users\yahya\Desktop\Murabaat\Font\fa-regular-400.eot
FileModTime:1584967562
%EndFont

%BeginFont
Handler:DirectoryHandler
FontType:Invalid
OutlineFileName:C:\Users\yahya\Desktop\Murabaat\Font\fa-regular-400.svg
FileModTime:1584967562
%EndFont

%BeginFont
Handler:DirectoryHandler
FontType:TrueType
FontName:FontAwesome5Free-Regular
FamilyName:Font Awesome 5 Free
StyleName:Regular
FullName:Font Awesome 5 Free Regular
MenuName:Font Awesome 5 Free Regular
StyleBits:0
WritingScript:Roman
OutlineFileName:C:\Users\yahya\Desktop\Murabaat\Font\fa-regular-400.ttf
DataFormat:sfntData
hasSVG:no
VariableFontType:NonVariableFont
FileLength:34092
FileModTime:1584967562
WeightClass:400
WidthClass:5
AngleClass:0
NameArray:0,Mac,18,Font Awesome 5 Free Regular
NameArray:0,Mac,4,Font Awesome 5 Free Regular
NameArray:0,Win,1,Font Awesome 5 Free Regular
NameArray:0,Win,16,Font Awesome 5 Free
%EndFont

%BeginFont
Handler:DirectoryHandler
FontType:Invalid
OutlineFileName:C:\Users\yahya\Desktop\Murabaat\Font\fa-regular-400.woff
FileModTime:1584967562
%EndFont

%BeginFont
Handler:DirectoryHandler
FontType:Invalid
OutlineFileName:C:\Users\yahya\Desktop\Murabaat\Font\fa-regular-400.woff2
FileModTime:1584967562
%EndFont

%BeginFont
Handler:DirectoryHandler
FontType:Invalid
OutlineFileName:C:\Users\yahya\Desktop\Murabaat\Font\fa-solid-900.eot
FileModTime:1584967562
%EndFont

%BeginFont
Handler:DirectoryHandler
FontType:Invalid
OutlineFileName:C:\Users\yahya\Desktop\Murabaat\Font\fa-solid-900.svg
FileModTime:1584967562
%EndFont

%BeginFont
Handler:DirectoryHandler
FontType:TrueType
FontName:FontAwesome5Free-Solid
FamilyName:Font Awesome 5 Free
StyleName:Solid
FullName:Font Awesome 5 Free Solid
MenuName:Font Awesome 5 Free Solid
StyleBits:0
WritingScript:Roman
OutlineFileName:C:\Users\yahya\Desktop\Murabaat\Font\fa-solid-900.ttf
DataFormat:sfntData
hasSVG:no
VariableFontType:NonVariableFont
FileLength:202616
FileModTime:1584967562
WeightClass:900
WidthClass:5
AngleClass:0
NameArray:0,Mac,18,Font Awesome 5 Free Solid
NameArray:0,Mac,4,Font Awesome 5 Free Solid
NameArray:0,Win,1,Font Awesome 5 Free Solid
NameArray:0,Win,16,Font Awesome 5 Free
%EndFont

%BeginFont
Handler:DirectoryHandler
FontType:Invalid
OutlineFileName:C:\Users\yahya\Desktop\Murabaat\Font\fa-solid-900.woff
FileModTime:1584967562
%EndFont

%BeginFont
Handler:DirectoryHandler
FontType:Invalid
OutlineFileName:C:\Users\yahya\Desktop\Murabaat\Font\fa-solid-900.woff2
FileModTime:1584967562
%EndFont

